2023-04-26 07:58:54,251 - app - INFO - initalTrain:43 - API Started. Training dataset...
2023-04-26 07:58:54,427 - app - INFO - initalTrain:75 - Tokenizing and encoding sequences
2023-04-26 07:59:09,547 - app - INFO - initalTrain:119 - Using device: NVIDIA GeForce RTX 3050 Laptop GPU
2023-04-26 07:59:09,554 - app - INFO - train_epoch:163 - Training epoch 1/10
2023-04-26 08:00:40,166 - app - INFO - evaluate_epoch:226 - Evaluating epoch 1
2023-04-26 08:00:49,657 - app - INFO - initalTrain:152 - 
Training epoch 1/10 success. 
Train acc: 22.212 
Train loss: 0.248 
Validation acc: 17.000 
Validation loss: 0.152
2023-04-26 08:00:49,659 - app - INFO - train_epoch:163 - Training epoch 2/10
2023-04-26 08:01:56,395 - app - INFO - initalTrain:43 - API Started. Training dataset...
2023-04-26 08:01:56,490 - app - INFO - initalTrain:75 - Tokenizing and encoding sequences
2023-04-26 08:02:13,382 - app - INFO - initalTrain:119 - Using device: NVIDIA GeForce RTX 3050 Laptop GPU
2023-04-26 08:02:13,395 - app - INFO - train_epoch:163 - Training epoch 1/10
2023-04-26 08:03:45,140 - app - INFO - evaluate_epoch:226 - Evaluating epoch 1
2023-04-26 08:03:53,926 - app - INFO - initalTrain:152 - 
Training epoch 1/10 success. 
Train acc: 18.804 
Train loss: 0.243 
Validation acc: 28.795 
Validation loss: 0.151
2023-04-26 08:03:53,943 - app - INFO - train_epoch:163 - Training epoch 2/10
2023-04-26 08:05:32,766 - app - INFO - initalTrain:43 - API Started. Training dataset...
2023-04-26 08:05:32,862 - app - INFO - initalTrain:75 - Tokenizing and encoding sequences
2023-04-26 08:05:45,450 - app - INFO - initalTrain:119 - Using device: NVIDIA GeForce RTX 3050 Laptop GPU
2023-04-26 08:05:45,463 - app - INFO - train_epoch:163 - Training epoch 1/10
2023-04-26 08:07:15,631 - app - INFO - evaluate_epoch:226 - Evaluating epoch 1
2023-04-26 08:07:24,737 - app - INFO - initalTrain:152 - 
Training epoch 1/10 success. 
Train acc: 0.688 
Train loss: 0.243 
Validation acc: 0.954 
Validation loss: 0.151
2023-04-26 08:07:24,737 - app - INFO - train_epoch:163 - Training epoch 2/10
2023-04-26 08:08:53,937 - app - INFO - evaluate_epoch:226 - Evaluating epoch 2
2023-04-26 08:09:01,926 - app - INFO - initalTrain:152 - 
Training epoch 2/10 success. 
Train acc: 0.587 
Train loss: 0.130 
Validation acc: 0.626 
Validation loss: 0.111
2023-04-26 08:09:01,926 - app - INFO - train_epoch:163 - Training epoch 3/10
2023-04-26 08:10:30,327 - app - INFO - evaluate_epoch:226 - Evaluating epoch 3
2023-04-26 08:10:38,076 - app - INFO - initalTrain:152 - 
Training epoch 3/10 success. 
Train acc: 0.674 
Train loss: 0.094 
Validation acc: 0.739 
Validation loss: 0.089
2023-04-26 08:10:38,076 - app - INFO - train_epoch:163 - Training epoch 4/10
2023-04-26 08:12:08,179 - app - INFO - evaluate_epoch:226 - Evaluating epoch 4
2023-04-26 08:12:15,945 - app - INFO - initalTrain:152 - 
Training epoch 4/10 success. 
Train acc: 0.540 
Train loss: 0.070 
Validation acc: 0.752 
Validation loss: 0.078
2023-04-26 08:12:15,945 - app - INFO - train_epoch:163 - Training epoch 5/10
2023-04-26 08:13:44,954 - app - INFO - evaluate_epoch:226 - Evaluating epoch 5
2023-04-26 08:13:52,603 - app - INFO - initalTrain:152 - 
Training epoch 5/10 success. 
Train acc: 0.686 
Train loss: 0.054 
Validation acc: 0.636 
Validation loss: 0.071
2023-04-26 08:13:52,611 - app - INFO - train_epoch:163 - Training epoch 6/10
2023-04-26 08:14:48,570 - app - INFO - evaluate_epoch:226 - Evaluating epoch 6
2023-04-26 08:14:52,667 - app - INFO - initalTrain:152 - 
Training epoch 6/10 success. 
Train acc: 0.548 
Train loss: 0.042 
Validation acc: 0.643 
Validation loss: 0.067
2023-04-26 08:14:52,667 - app - INFO - train_epoch:163 - Training epoch 7/10
2023-04-26 08:29:27,468 - app - INFO - initalTrain:43 - API Started. Training dataset...
2023-04-26 08:29:27,553 - app - INFO - initalTrain:75 - Tokenizing and encoding sequences
2023-04-26 08:29:37,515 - app - INFO - initalTrain:119 - Using device: NVIDIA GeForce RTX 3050 Laptop GPU
2023-04-26 08:29:37,518 - app - INFO - train_epoch:163 - Training epoch 1/10
2023-04-26 08:32:37,663 - app - INFO - initalTrain:43 - API Started. Training dataset...
2023-04-26 08:32:37,728 - app - INFO - initalTrain:75 - Tokenizing and encoding sequences
2023-04-26 08:32:45,095 - app - INFO - initalTrain:119 - Using device: NVIDIA GeForce RTX 3050 Laptop GPU
2023-04-26 08:32:45,098 - app - INFO - train_epoch:163 - Training epoch 1/10
2023-04-26 08:33:40,767 - app - INFO - evaluate_epoch:228 - Evaluating epoch 1
2023-04-26 08:33:46,029 - app - INFO - initalTrain:152 - 
Training epoch 1/10 success. 
Train acc: 0.525 
Train loss: 0.247 
Validation acc: 0.538 
Validation loss: 0.154
2023-04-26 08:33:46,030 - app - INFO - train_epoch:163 - Training epoch 2/10
2023-04-26 08:34:40,423 - app - INFO - evaluate_epoch:228 - Evaluating epoch 2
2023-04-26 08:34:44,526 - app - INFO - initalTrain:152 - 
Training epoch 2/10 success. 
Train acc: 0.626 
Train loss: 0.131 
Validation acc: 0.667 
Validation loss: 0.110
2023-04-26 08:34:44,526 - app - INFO - train_epoch:163 - Training epoch 3/10
2023-04-26 08:35:39,340 - app - INFO - evaluate_epoch:228 - Evaluating epoch 3
2023-04-26 08:35:43,474 - app - INFO - initalTrain:152 - 
Training epoch 3/10 success. 
Train acc: 0.648 
Train loss: 0.093 
Validation acc: 0.641 
Validation loss: 0.089
2023-04-26 08:35:43,475 - app - INFO - train_epoch:163 - Training epoch 4/10
2023-04-26 08:36:38,388 - app - INFO - evaluate_epoch:228 - Evaluating epoch 4
2023-04-26 08:36:42,633 - app - INFO - initalTrain:152 - 
Training epoch 4/10 success. 
Train acc: 0.620 
Train loss: 0.070 
Validation acc: 0.641 
Validation loss: 0.079
2023-04-26 08:36:42,635 - app - INFO - train_epoch:163 - Training epoch 5/10
2023-04-26 08:37:37,827 - app - INFO - evaluate_epoch:228 - Evaluating epoch 5
2023-04-26 08:37:42,135 - app - INFO - initalTrain:152 - 
Training epoch 5/10 success. 
Train acc: 0.547 
Train loss: 0.054 
Validation acc: 0.615 
Validation loss: 0.071
2023-04-26 08:37:42,136 - app - INFO - train_epoch:163 - Training epoch 6/10
2023-04-26 08:41:17,364 - app - INFO - initalTrain:43 - API Started. Training dataset...
2023-04-26 08:41:17,423 - app - INFO - initalTrain:75 - Tokenizing and encoding sequences
2023-04-26 08:41:26,553 - app - INFO - initalTrain:119 - Using device: NVIDIA GeForce RTX 3050 Laptop GPU
2023-04-26 08:41:26,556 - app - INFO - train_epoch:163 - Training epoch 1/10
2023-04-26 08:42:22,945 - app - INFO - evaluate_epoch:231 - Evaluating epoch 1
2023-04-26 08:42:28,034 - app - INFO - initalTrain:152 - 
Training epoch 1/10 success. 
Train acc: 0.602 
Train loss: 0.243 
Validation acc: 0.028 
Validation loss: 0.150
2023-04-26 08:42:28,035 - app - INFO - train_epoch:163 - Training epoch 2/10
2023-04-26 08:43:22,868 - app - INFO - evaluate_epoch:231 - Evaluating epoch 2
2023-04-26 08:43:27,080 - app - INFO - initalTrain:152 - 
Training epoch 2/10 success. 
Train acc: 0.560 
Train loss: 0.128 
Validation acc: 0.024 
Validation loss: 0.109
2023-04-26 08:43:27,081 - app - INFO - train_epoch:163 - Training epoch 3/10
2023-04-26 08:59:09,279 - app - INFO - initalTrain:43 - API Started. Training dataset...
2023-04-26 08:59:09,337 - app - INFO - initalTrain:75 - Tokenizing and encoding sequences
2023-04-26 08:59:16,130 - app - INFO - initalTrain:119 - Using device: NVIDIA GeForce RTX 3050 Laptop GPU
2023-04-26 08:59:16,131 - app - INFO - train_epoch:163 - Training epoch 1/10
2023-04-26 09:00:11,759 - app - INFO - evaluate_epoch:228 - Evaluating epoch 1
2023-04-26 09:00:16,579 - app - INFO - initalTrain:152 - 
Training epoch 1/10 success. 
Train acc: 16.654 
Train loss: 0.238 
Validation acc: 0.795 
Validation loss: 0.151
2023-04-26 09:00:16,579 - app - INFO - train_epoch:163 - Training epoch 2/10
2023-04-26 09:01:11,248 - app - INFO - evaluate_epoch:228 - Evaluating epoch 2
2023-04-26 09:01:15,541 - app - INFO - initalTrain:152 - 
Training epoch 2/10 success. 
Train acc: 16.961 
Train loss: 0.129 
Validation acc: 0.744 
Validation loss: 0.109
2023-04-26 09:01:15,543 - app - INFO - train_epoch:163 - Training epoch 3/10
2023-04-26 09:02:10,325 - app - INFO - evaluate_epoch:228 - Evaluating epoch 3
2023-04-26 09:02:14,402 - app - INFO - initalTrain:152 - 
Training epoch 3/10 success. 
Train acc: 22.441 
Train loss: 0.093 
Validation acc: 0.744 
Validation loss: 0.089
2023-04-26 09:02:14,404 - app - INFO - train_epoch:163 - Training epoch 4/10
2023-04-26 09:03:09,597 - app - INFO - evaluate_epoch:228 - Evaluating epoch 4
2023-04-26 09:03:13,706 - app - INFO - initalTrain:152 - 
Training epoch 4/10 success. 
Train acc: 19.296 
Train loss: 0.069 
Validation acc: 0.641 
Validation loss: 0.079
2023-04-26 09:03:13,720 - app - INFO - train_epoch:163 - Training epoch 5/10
2023-04-26 09:04:09,092 - app - INFO - evaluate_epoch:228 - Evaluating epoch 5
2023-04-26 09:04:13,260 - app - INFO - initalTrain:152 - 
Training epoch 5/10 success. 
Train acc: 16.737 
Train loss: 0.053 
Validation acc: 0.667 
Validation loss: 0.070
2023-04-26 09:04:13,261 - app - INFO - train_epoch:163 - Training epoch 6/10
2023-04-26 09:04:36,930 - app - INFO - initalTrain:40 - API Started. Dataset exists.
2023-04-26 09:05:52,764 - app - INFO - initalTrain:43 - API Started. Training dataset...
2023-04-26 09:05:52,835 - app - INFO - initalTrain:75 - Tokenizing and encoding sequences
2023-04-26 09:05:59,862 - app - INFO - initalTrain:119 - Using device: NVIDIA GeForce RTX 3050 Laptop GPU
2023-04-26 09:05:59,866 - app - INFO - train_epoch:163 - Training epoch 1/10
2023-04-26 09:06:55,169 - app - INFO - evaluate_epoch:228 - Evaluating epoch 1
2023-04-26 09:07:00,026 - app - INFO - initalTrain:152 - 
Training epoch 1/10 success. 
Train acc: 1.000 
Train loss: 0.248 
Validation acc: 1.000 
Validation loss: 0.156
2023-04-26 09:07:00,027 - app - INFO - train_epoch:163 - Training epoch 2/10
2023-04-26 09:07:54,872 - app - INFO - evaluate_epoch:228 - Evaluating epoch 2
2023-04-26 09:07:58,967 - app - INFO - initalTrain:152 - 
Training epoch 2/10 success. 
Train acc: 1.000 
Train loss: 0.132 
Validation acc: 1.000 
Validation loss: 0.111
2023-04-26 09:07:58,967 - app - INFO - train_epoch:163 - Training epoch 3/10
2023-04-26 09:08:53,905 - app - INFO - evaluate_epoch:228 - Evaluating epoch 3
2023-04-26 09:08:58,133 - app - INFO - initalTrain:152 - 
Training epoch 3/10 success. 
Train acc: 1.000 
Train loss: 0.094 
Validation acc: 1.000 
Validation loss: 0.090
2023-04-26 09:08:58,134 - app - INFO - train_epoch:163 - Training epoch 4/10
2023-04-26 09:10:51,432 - app - INFO - initalTrain:43 - API Started. Training dataset...
2023-04-26 09:10:51,487 - app - INFO - initalTrain:75 - Tokenizing and encoding sequences
2023-04-26 09:10:58,548 - app - INFO - initalTrain:119 - Using device: NVIDIA GeForce RTX 3050 Laptop GPU
2023-04-26 09:10:58,558 - app - INFO - train_epoch:163 - Training epoch 1/10
2023-04-26 09:11:53,514 - app - INFO - evaluate_epoch:228 - Evaluating epoch 1
2023-04-26 09:11:58,128 - app - INFO - initalTrain:152 - 
Training epoch 1/10 success. 
Train acc: 0.648 
Train loss: 0.238 
Validation acc: 1.462 
Validation loss: 0.149
2023-04-26 09:11:58,129 - app - INFO - train_epoch:163 - Training epoch 2/10
2023-04-26 09:12:52,597 - app - INFO - evaluate_epoch:228 - Evaluating epoch 2
2023-04-26 09:12:56,692 - app - INFO - initalTrain:152 - 
Training epoch 2/10 success. 
Train acc: 0.598 
Train loss: 0.128 
Validation acc: 0.615 
Validation loss: 0.109
2023-04-26 09:12:56,693 - app - INFO - train_epoch:163 - Training epoch 3/10
2023-04-26 09:13:51,602 - app - INFO - evaluate_epoch:228 - Evaluating epoch 3
2023-04-26 09:13:55,701 - app - INFO - initalTrain:152 - 
Training epoch 3/10 success. 
Train acc: 0.620 
Train loss: 0.092 
Validation acc: 0.718 
Validation loss: 0.087
2023-04-26 09:13:55,701 - app - INFO - train_epoch:163 - Training epoch 4/10
2023-04-26 09:14:51,495 - app - INFO - evaluate_epoch:228 - Evaluating epoch 4
2023-04-26 09:14:55,727 - app - INFO - initalTrain:152 - 
Training epoch 4/10 success. 
Train acc: 0.581 
Train loss: 0.069 
Validation acc: 0.744 
Validation loss: 0.078
2023-04-26 09:14:55,728 - app - INFO - train_epoch:163 - Training epoch 5/10
2023-04-26 09:15:50,734 - app - INFO - evaluate_epoch:228 - Evaluating epoch 5
2023-04-26 09:15:54,903 - app - INFO - initalTrain:152 - 
Training epoch 5/10 success. 
Train acc: 0.659 
Train loss: 0.054 
Validation acc: 0.667 
Validation loss: 0.071
2023-04-26 09:15:54,904 - app - INFO - train_epoch:163 - Training epoch 6/10
2023-04-26 09:16:49,836 - app - INFO - evaluate_epoch:228 - Evaluating epoch 6
2023-04-26 09:16:53,934 - app - INFO - initalTrain:152 - 
Training epoch 6/10 success. 
Train acc: 0.709 
Train loss: 0.042 
Validation acc: 0.538 
Validation loss: 0.068
2023-04-26 09:16:53,938 - app - INFO - train_epoch:163 - Training epoch 7/10
2023-04-26 09:17:48,824 - app - INFO - evaluate_epoch:228 - Evaluating epoch 7
2023-04-26 09:17:52,902 - app - INFO - initalTrain:152 - 
Training epoch 7/10 success. 
Train acc: 0.665 
Train loss: 0.034 
Validation acc: 0.538 
Validation loss: 0.065
2023-04-26 09:17:52,903 - app - INFO - train_epoch:163 - Training epoch 8/10
2023-04-26 09:20:40,664 - app - INFO - initalTrain:43 - API Started. Training dataset...
2023-04-26 09:20:40,721 - app - INFO - initalTrain:75 - Tokenizing and encoding sequences
2023-04-26 09:20:47,604 - app - INFO - initalTrain:119 - Using device: NVIDIA GeForce RTX 3050 Laptop GPU
2023-04-26 09:20:47,613 - app - INFO - train_epoch:163 - Training epoch 1/10
2023-04-26 09:21:42,833 - app - INFO - evaluate_epoch:231 - Evaluating epoch 1
